Using pre-set license
Built from '2020.3/staging' branch; Version is '2020.3.11f1 (99c7afb366b3) revision 10078127'; Using compiler version '192528614'; Build Type 'Release'
OS: 'Windows 10 Pro; OS build 19042.985; Version 2009; 64bit' Language: 'en' Physical Memory: 16331 MB
BatchMode: 1, IsHumanControllingUs: 0, StartBugReporterOnCrash: 0, Is64bit: 1, IsPro: 0

 COMMAND LINE ARGUMENTS:
C:\Program Files\Unity\Hub\Editor\2020.3.11f1\Editor\Unity.exe
-adb2
-batchMode
-noUpm
-name
AssetImportWorker0
-projectPath
C:/Users/HEI-Lab3/Documents/Personal/Ysubmarine/YSubmarine
-logFile
Logs/AssetImportWorker0.log
-srvPort
57980
Successfully changed project path to: C:/Users/HEI-Lab3/Documents/Personal/Ysubmarine/YSubmarine
C:/Users/HEI-Lab3/Documents/Personal/Ysubmarine/YSubmarine
Using Asset Import Pipeline V2.
Refreshing native plugins compatible for Editor in 36.93 ms, found 3 plugins.
Preloading 0 native plugins for Editor in 0.00 ms.
Initialize engine version: 2020.3.11f1 (99c7afb366b3)
[Subsystems] Discovering subsystems at path C:/Program Files/Unity/Hub/Editor/2020.3.11f1/Editor/Data/Resources/UnitySubsystems
[Subsystems] Discovering subsystems at path C:/Users/HEI-Lab3/Documents/Personal/Ysubmarine/YSubmarine/Assets
GfxDevice: creating device client; threaded=0
Direct3D:
    Version:  Direct3D 11.0 [level 11.1]
    Renderer: NVIDIA GeForce GTX 1060 3GB (ID=0x1c02)
    Vendor:   
    VRAM:     2988 MB
    Driver:   27.21.14.6611
Initialize mono
Mono path[0] = 'C:/Program Files/Unity/Hub/Editor/2020.3.11f1/Editor/Data/Managed'
Mono path[1] = 'C:/Program Files/Unity/Hub/Editor/2020.3.11f1/Editor/Data/MonoBleedingEdge/lib/mono/unityjit'
Mono config path = 'C:/Program Files/Unity/Hub/Editor/2020.3.11f1/Editor/Data/MonoBleedingEdge/etc'
Using monoOptions --debugger-agent=transport=dt_socket,embedding=1,server=y,suspend=n,address=127.0.0.1:56684
Begin MonoManager ReloadAssembly
Registering precompiled unity dll's ...
Register platform support module: C:/Program Files/Unity/Hub/Editor/2020.3.11f1/Editor/Data/PlaybackEngines/WindowsStandaloneSupport/UnityEditor.WindowsStandalone.Extensions.dll
Registered in 0.001249 seconds.
Native extension for WindowsStandalone target not found
Refreshing native plugins compatible for Editor in 37.11 ms, found 3 plugins.
Preloading 0 native plugins for Editor in 0.00 ms.
Mono: successfully reloaded assembly
- Completed reload, in  0.759 seconds
Platform modules already initialized, skipping
Registering precompiled user dll's ...
Registered in 0.003031 seconds.
Begin MonoManager ReloadAssembly
Native extension for WindowsStandalone target not found
Refreshing native plugins compatible for Editor in 33.49 ms, found 3 plugins.
Preloading 0 native plugins for Editor in 0.00 ms.
Mono: successfully reloaded assembly
- Completed reload, in  0.884 seconds
Platform modules already initialized, skipping
========================================================================
Worker process is ready to serve import requests
Launched and connected shader compiler UnityShaderCompiler.exe after 0.03 seconds
Refreshing native plugins compatible for Editor in 0.45 ms, found 3 plugins.
Preloading 0 native plugins for Editor in 0.00 ms.
Unloading 2084 Unused Serialized files (Serialized files now loaded: 0)
System memory in use before: 92.8 MB.
System memory in use after: 92.9 MB.

Unloading 28 unused Assets to reduce memory usage. Loaded Objects now: 2522.
Total: 1.879900 ms (FindLiveObjects: 0.175700 ms CreateObjectMapping: 0.067900 ms MarkObjects: 1.583500 ms  DeleteObjects: 0.051900 ms)

========================================================================
Received Import Request.
  path: Assets/Art/BlockOuts/Rock 2.png
  artifactKey: Guid(2df0b70ca75fdd7498bee97f632169ea) Importer(815301076,1909f56bfc062723c751e8b465ee728b)
Start importing Assets/Art/BlockOuts/Rock 2.png using Guid(2df0b70ca75fdd7498bee97f632169ea) Importer(815301076,1909f56bfc062723c751e8b465ee728b)  -> (artifact id: 'dcc802d054dae54bc89e54575ef59253') in 0.086456 seconds
  Import took 0.089058 seconds .

========================================================================
Received Import Request.
  Time since last request: 0.000253 seconds.
  path: Assets/Art/BlockOuts/Rock 4.png
  artifactKey: Guid(5fdf924719e64dc46bdee72791c72dc3) Importer(815301076,1909f56bfc062723c751e8b465ee728b)
Start importing Assets/Art/BlockOuts/Rock 4.png using Guid(5fdf924719e64dc46bdee72791c72dc3) Importer(815301076,1909f56bfc062723c751e8b465ee728b)  -> (artifact id: 'd53034932ee0c90a2ee3e889cbcbb18e') in 0.008425 seconds
  Import took 0.010892 seconds .

========================================================================
Received Import Request.
  Time since last request: 0.000205 seconds.
  path: Assets/Art/BlockOuts/Torpedo.png
  artifactKey: Guid(a4c92acf0219c3542b02f2f96ec778e6) Importer(815301076,1909f56bfc062723c751e8b465ee728b)
Start importing Assets/Art/BlockOuts/Torpedo.png using Guid(a4c92acf0219c3542b02f2f96ec778e6) Importer(815301076,1909f56bfc062723c751e8b465ee728b)  -> (artifact id: '6f97a5c5e6a405292c8bae837cdd351e') in 0.007378 seconds
  Import took 0.009821 seconds .

========================================================================
Received Import Request.
  Time since last request: 0.000229 seconds.
  path: Assets/Art/BlockOuts/Rock 3.png
  artifactKey: Guid(1034d04daa76aa045b036da1e2cdcfce) Importer(815301076,1909f56bfc062723c751e8b465ee728b)
Start importing Assets/Art/BlockOuts/Rock 3.png using Guid(1034d04daa76aa045b036da1e2cdcfce) Importer(815301076,1909f56bfc062723c751e8b465ee728b)  -> (artifact id: '79e6896c90164eb77dee61989fd5eb3a') in 0.008712 seconds
  Import took 0.011343 seconds .

========================================================================
Received Import Request.
  Time since last request: 0.000230 seconds.
  path: Assets/Art/BlockOuts/Rock 5.png
  artifactKey: Guid(58d67ccbe3ff96f42933c05a6a063f9c) Importer(815301076,1909f56bfc062723c751e8b465ee728b)
Start importing Assets/Art/BlockOuts/Rock 5.png using Guid(58d67ccbe3ff96f42933c05a6a063f9c) Importer(815301076,1909f56bfc062723c751e8b465ee728b)  -> (artifact id: '3e680f871f5e318ac2fe2b7b53c5345f') in 0.008130 seconds
  Import took 0.010802 seconds .

========================================================================
Received Import Request.
  Time since last request: 0.000193 seconds.
  path: Assets/Art/BlockOuts/Rock 1.png
  artifactKey: Guid(a4e3b4dcb17282145869b1b8204a4bc8) Importer(815301076,1909f56bfc062723c751e8b465ee728b)
Start importing Assets/Art/BlockOuts/Rock 1.png using Guid(a4e3b4dcb17282145869b1b8204a4bc8) Importer(815301076,1909f56bfc062723c751e8b465ee728b)  -> (artifact id: '4b1aed51e1904a412aed52f7bc236001') in 0.008723 seconds
  Import took 0.011272 seconds .

========================================================================
Received Import Request.
  Time since last request: 0.000184 seconds.
  path: Assets/Art/BlockOuts/Creature 1.png
  artifactKey: Guid(e1539618503272949aa4ea158afab54a) Importer(815301076,1909f56bfc062723c751e8b465ee728b)
Start importing Assets/Art/BlockOuts/Creature 1.png using Guid(e1539618503272949aa4ea158afab54a) Importer(815301076,1909f56bfc062723c751e8b465ee728b)  -> (artifact id: '8d9fe0acf44ada2f333a2491a6844842') in 0.008216 seconds
  Import took 0.010689 seconds .

========================================================================
Received Import Request.
  Time since last request: 0.000203 seconds.
  path: Assets/Art/BlockOuts/Submarine.png
  artifactKey: Guid(822e5657686fd1341970f94247398d53) Importer(815301076,1909f56bfc062723c751e8b465ee728b)
Start importing Assets/Art/BlockOuts/Submarine.png using Guid(822e5657686fd1341970f94247398d53) Importer(815301076,1909f56bfc062723c751e8b465ee728b)  -> (artifact id: 'e379a4a2e3db4a23213f38079430d0ac') in 0.009984 seconds
  Import took 0.012813 seconds .

AssetImportWorkerClient::OnTransportError - code=2 error=End of file
